<html>
<head>
<title>TestNG:  HomePageTest</title>
<link href="../testng.css" rel="stylesheet" type="text/css" />
<link href="../my-testng.css" rel="stylesheet" type="text/css" />

<style type="text/css">
.log { display: none;} 
.stack-trace { display: none;} 
</style>
<script type="text/javascript">
<!--
function flip(e) {
  current = e.style.display;
  if (current == 'block') {
    e.style.display = 'none';
    return 0;
  }
  else {
    e.style.display = 'block';
    return 1;
  }
}

function toggleBox(szDivId, elem, msg1, msg2)
{
  var res = -1;  if (document.getElementById) {
    res = flip(document.getElementById(szDivId));
  }
  else if (document.all) {
    // this is the way old msie versions work
    res = flip(document.all[szDivId]);
  }
  if(elem) {
    if(res == 0) elem.innerHTML = msg1; else elem.innerHTML = msg2;
  }

}

function toggleAllBoxes() {
  if (document.getElementsByTagName) {
    d = document.getElementsByTagName('div');
    for (i = 0; i < d.length; i++) {
      if (d[i].className == 'log') {
        flip(d[i]);
      }
    }
  }
}

// -->
</script>

</head>
<body>
<h2 align='center'>HomePageTest</h2><table border='1' align="center">
<tr>
<td>Tests passed/Failed/Skipped:</td><td>0/1/3</td>
</tr><tr>
<td>Started on:</td><td>Thu Jan 18 15:13:47 EST 2018</td>
</tr>
<tr><td>Total time:</td><td>17 seconds (17161 ms)</td>
</tr><tr>
<td>Included groups:</td><td></td>
</tr><tr>
<td>Excluded groups:</td><td></td>
</tr>
</table><p/>
<small><i>(Hover the method name to see the test class name)</i></small><p/>
<table width='100%' border='1' class='invocation-failed'>
<tr><td colspan='4' align='center'><b>FAILED TESTS</b></td></tr>
<tr><td><b>Test method</b></td>
<td width="30%"><b>Exception</b></td>
<td width="10%"><b>Time (seconds)</b></td>
<td><b>Instance</b></td>
</tr>
<tr>
<td title='com.test.automation.uiAutomation.homepage.TC001_VerifyLoginWithInvalidCredentials.verifyLoginWithInvalidCredentials()'><b>verifyLoginWithInvalidCredentials</b><br>Test class: com.test.automation.uiAutomation.homepage.TC001_VerifyLoginWithInvalidCredentials<br/>
<a href="#Output-109140668" onClick='toggleBox("Output-109140668", this, "Show output", "Hide output");'>Show output</a>

<a href="#Output-109140668" onClick="toggleAllBoxes();">Show all outputs</a>
<div class='log' id="Output-109140668">
Found Element By : By.xpath: //a[@class='login']<br/>
Clicked on: [[ChromeDriver: chrome on WIN8_1 (0d43bab6cffbe72ac23caa232b113d43)] -> xpath: //a[@class='login']]<br/>
Found Element By : By.xpath: //a[@class='login']<br/>
Found Element By : By.id: email<br/>
Found Element By : By.id: email<br/>
Found Element By : By.id: passwd<br/>
Found Element By : By.id: passwd<br/>
Found Element By : By.xpath: //button[@id='SubmitLogin']<br/>
Clicked on: [[ChromeDriver: chrome on WIN8_1 (0d43bab6cffbe72ac23caa232b113d43)] -> xpath: //button[@id='SubmitLogin']]<br/>
Found Element By : By.xpath: //button[@id='SubmitLogin']<br/>
Found Element By : By.xpath: //*[@id='center_column']/div[1]/ol/li<br/>
Found Element By : By.xpath: //*[@id='center_column']/div[1]/ol/li<br/>
</div>
</td>
<td><div><pre>java.lang.AssertionError: expected [TestAuthentication failed.] but found [Authentication failed.]
	at com.test.automation.uiAutomation.homepage.TC001_VerifyLoginWithInvalidCredentials.verifyLoginWithInvalidCredentials(TC001_VerifyLoginWithInvalidCredentials.java:29)
	at java.util.concurrent.ThreadPoolExecutor.runWorker(ThreadPoolExecutor.java:1142)
	at java.util.concurrent.ThreadPoolExecutor$Worker.run(ThreadPoolExecutor.java:617)
	at java.lang.Thread.run(Thread.java:745)
... Removed 16 stack frames</pre></div><a href='#' onClick='toggleBox("stack-trace109140668", this, "Click to show all stack frames", "Click to hide stack frames")'>Click to show all stack frames</a>
<div class='stack-trace' id='stack-trace109140668'><pre>java.lang.AssertionError: expected [TestAuthentication failed.] but found [Authentication failed.]
	at org.testng.Assert.fail(Assert.java:94)
	at org.testng.Assert.failNotEquals(Assert.java:513)
	at org.testng.Assert.assertEqualsImpl(Assert.java:135)
	at org.testng.Assert.assertEquals(Assert.java:116)
	at org.testng.Assert.assertEquals(Assert.java:190)
	at org.testng.Assert.assertEquals(Assert.java:200)
	at com.test.automation.uiAutomation.homepage.TC001_VerifyLoginWithInvalidCredentials.verifyLoginWithInvalidCredentials(TC001_VerifyLoginWithInvalidCredentials.java:29)
	at sun.reflect.NativeMethodAccessorImpl.invoke0(Native Method)
	at sun.reflect.NativeMethodAccessorImpl.invoke(NativeMethodAccessorImpl.java:62)
	at sun.reflect.DelegatingMethodAccessorImpl.invoke(DelegatingMethodAccessorImpl.java:43)
	at java.lang.reflect.Method.invoke(Method.java:497)
	at org.testng.internal.MethodInvocationHelper.invokeMethod(MethodInvocationHelper.java:104)
	at org.testng.internal.Invoker.invokeMethod(Invoker.java:645)
	at org.testng.internal.Invoker.retryFailed(Invoker.java:998)
	at org.testng.internal.Invoker.invokeTestMethods(Invoker.java:1200)
	at org.testng.internal.TestMethodWorker.invokeTestMethods(TestMethodWorker.java:129)
	at org.testng.internal.TestMethodWorker.run(TestMethodWorker.java:112)
	at java.util.concurrent.ThreadPoolExecutor.runWorker(ThreadPoolExecutor.java:1142)
	at java.util.concurrent.ThreadPoolExecutor$Worker.run(ThreadPoolExecutor.java:617)
	at java.lang.Thread.run(Thread.java:745)
</pre></div></td>
<td>1</td>
<td>com.test.automation.uiAutomation.homepage.TC001_VerifyLoginWithInvalidCredentials@69ea3742</td></tr>
</table><p>
<table width='100%' border='1' class='invocation-skipped'>
<tr><td colspan='4' align='center'><b>SKIPPED TESTS</b></td></tr>
<tr><td><b>Test method</b></td>
<td width="30%"><b>Exception</b></td>
<td width="10%"><b>Time (seconds)</b></td>
<td><b>Instance</b></td>
</tr>
<tr>
<td title='com.test.automation.uiAutomation.homepage.TC001_VerifyLoginWithInvalidCredentials.verifyLoginWithInvalidCredentials()'><b>verifyLoginWithInvalidCredentials</b><br>Test class: com.test.automation.uiAutomation.homepage.TC001_VerifyLoginWithInvalidCredentials<br/>
<a href="#Output-1202745081" onClick='toggleBox("Output-1202745081", this, "Show output", "Hide output");'>Show output</a>

<a href="#Output-1202745081" onClick="toggleAllBoxes();">Show all outputs</a>
<div class='log' id="Output-1202745081">
Found Element By : By.xpath: //a[@class='login']<br/>
Clicked on: [[ChromeDriver: chrome on WIN8_1 (0d43bab6cffbe72ac23caa232b113d43)] -> xpath: //a[@class='login']]<br/>
Found Element By : By.xpath: //a[@class='login']<br/>
Found Element By : By.id: email<br/>
Found Element By : By.id: email<br/>
Found Element By : By.id: passwd<br/>
Found Element By : By.id: passwd<br/>
Found Element By : By.xpath: //button[@id='SubmitLogin']<br/>
Clicked on: [[ChromeDriver: chrome on WIN8_1 (0d43bab6cffbe72ac23caa232b113d43)] -> xpath: //button[@id='SubmitLogin']]<br/>
Found Element By : By.xpath: //button[@id='SubmitLogin']<br/>
Found Element By : By.xpath: //*[@id='center_column']/div[1]/ol/li<br/>
Found Element By : By.xpath: //*[@id='center_column']/div[1]/ol/li<br/>
Retrying test verifyLoginWithInvalidCredentials with status FAILURE for the 1 time(s).<br/>
</div>
</td>
<td><div><pre>java.lang.AssertionError: expected [TestAuthentication failed.] but found [Authentication failed.]
	at com.test.automation.uiAutomation.homepage.TC001_VerifyLoginWithInvalidCredentials.verifyLoginWithInvalidCredentials(TC001_VerifyLoginWithInvalidCredentials.java:29)
	at java.util.concurrent.ThreadPoolExecutor.runWorker(ThreadPoolExecutor.java:1142)
	at java.util.concurrent.ThreadPoolExecutor$Worker.run(ThreadPoolExecutor.java:617)
	at java.lang.Thread.run(Thread.java:745)
... Removed 16 stack frames</pre></div><a href='#' onClick='toggleBox("stack-trace1202745081", this, "Click to show all stack frames", "Click to hide stack frames")'>Click to show all stack frames</a>
<div class='stack-trace' id='stack-trace1202745081'><pre>java.lang.AssertionError: expected [TestAuthentication failed.] but found [Authentication failed.]
	at org.testng.Assert.fail(Assert.java:94)
	at org.testng.Assert.failNotEquals(Assert.java:513)
	at org.testng.Assert.assertEqualsImpl(Assert.java:135)
	at org.testng.Assert.assertEquals(Assert.java:116)
	at org.testng.Assert.assertEquals(Assert.java:190)
	at org.testng.Assert.assertEquals(Assert.java:200)
	at com.test.automation.uiAutomation.homepage.TC001_VerifyLoginWithInvalidCredentials.verifyLoginWithInvalidCredentials(TC001_VerifyLoginWithInvalidCredentials.java:29)
	at sun.reflect.NativeMethodAccessorImpl.invoke0(Native Method)
	at sun.reflect.NativeMethodAccessorImpl.invoke(NativeMethodAccessorImpl.java:62)
	at sun.reflect.DelegatingMethodAccessorImpl.invoke(DelegatingMethodAccessorImpl.java:43)
	at java.lang.reflect.Method.invoke(Method.java:497)
	at org.testng.internal.MethodInvocationHelper.invokeMethod(MethodInvocationHelper.java:104)
	at org.testng.internal.Invoker.invokeMethod(Invoker.java:645)
	at org.testng.internal.Invoker.invokeTestMethod(Invoker.java:851)
	at org.testng.internal.Invoker.invokeTestMethods(Invoker.java:1177)
	at org.testng.internal.TestMethodWorker.invokeTestMethods(TestMethodWorker.java:129)
	at org.testng.internal.TestMethodWorker.run(TestMethodWorker.java:112)
	at java.util.concurrent.ThreadPoolExecutor.runWorker(ThreadPoolExecutor.java:1142)
	at java.util.concurrent.ThreadPoolExecutor$Worker.run(ThreadPoolExecutor.java:617)
	at java.lang.Thread.run(Thread.java:745)
</pre></div></td>
<td>1</td>
<td>com.test.automation.uiAutomation.homepage.TC001_VerifyLoginWithInvalidCredentials@69ea3742</td></tr>
<tr>
<td title='com.test.automation.uiAutomation.homepage.TC001_VerifyLoginWithInvalidCredentials.verifyLoginWithInvalidCredentials()'><b>verifyLoginWithInvalidCredentials</b><br>Test class: com.test.automation.uiAutomation.homepage.TC001_VerifyLoginWithInvalidCredentials<br/>
<a href="#Output-1849008453" onClick='toggleBox("Output-1849008453", this, "Show output", "Hide output");'>Show output</a>

<a href="#Output-1849008453" onClick="toggleAllBoxes();">Show all outputs</a>
<div class='log' id="Output-1849008453">
Found Element By : By.xpath: //a[@class='login']<br/>
Clicked on: [[ChromeDriver: chrome on WIN8_1 (0d43bab6cffbe72ac23caa232b113d43)] -> xpath: //a[@class='login']]<br/>
Found Element By : By.xpath: //a[@class='login']<br/>
Found Element By : By.id: email<br/>
Found Element By : By.id: email<br/>
Found Element By : By.id: passwd<br/>
Found Element By : By.id: passwd<br/>
Found Element By : By.xpath: //button[@id='SubmitLogin']<br/>
Clicked on: [[ChromeDriver: chrome on WIN8_1 (0d43bab6cffbe72ac23caa232b113d43)] -> xpath: //button[@id='SubmitLogin']]<br/>
Found Element By : By.xpath: //button[@id='SubmitLogin']<br/>
Found Element By : By.xpath: //*[@id='center_column']/div[1]/ol/li<br/>
Found Element By : By.xpath: //*[@id='center_column']/div[1]/ol/li<br/>
Retrying test verifyLoginWithInvalidCredentials with status FAILURE for the 2 time(s).<br/>
</div>
</td>
<td><div><pre>java.lang.AssertionError: expected [TestAuthentication failed.] but found [Authentication failed.]
	at com.test.automation.uiAutomation.homepage.TC001_VerifyLoginWithInvalidCredentials.verifyLoginWithInvalidCredentials(TC001_VerifyLoginWithInvalidCredentials.java:29)
	at java.util.concurrent.ThreadPoolExecutor.runWorker(ThreadPoolExecutor.java:1142)
	at java.util.concurrent.ThreadPoolExecutor$Worker.run(ThreadPoolExecutor.java:617)
	at java.lang.Thread.run(Thread.java:745)
... Removed 16 stack frames</pre></div><a href='#' onClick='toggleBox("stack-trace1849008453", this, "Click to show all stack frames", "Click to hide stack frames")'>Click to show all stack frames</a>
<div class='stack-trace' id='stack-trace1849008453'><pre>java.lang.AssertionError: expected [TestAuthentication failed.] but found [Authentication failed.]
	at org.testng.Assert.fail(Assert.java:94)
	at org.testng.Assert.failNotEquals(Assert.java:513)
	at org.testng.Assert.assertEqualsImpl(Assert.java:135)
	at org.testng.Assert.assertEquals(Assert.java:116)
	at org.testng.Assert.assertEquals(Assert.java:190)
	at org.testng.Assert.assertEquals(Assert.java:200)
	at com.test.automation.uiAutomation.homepage.TC001_VerifyLoginWithInvalidCredentials.verifyLoginWithInvalidCredentials(TC001_VerifyLoginWithInvalidCredentials.java:29)
	at sun.reflect.NativeMethodAccessorImpl.invoke0(Native Method)
	at sun.reflect.NativeMethodAccessorImpl.invoke(NativeMethodAccessorImpl.java:62)
	at sun.reflect.DelegatingMethodAccessorImpl.invoke(DelegatingMethodAccessorImpl.java:43)
	at java.lang.reflect.Method.invoke(Method.java:497)
	at org.testng.internal.MethodInvocationHelper.invokeMethod(MethodInvocationHelper.java:104)
	at org.testng.internal.Invoker.invokeMethod(Invoker.java:645)
	at org.testng.internal.Invoker.retryFailed(Invoker.java:998)
	at org.testng.internal.Invoker.invokeTestMethods(Invoker.java:1200)
	at org.testng.internal.TestMethodWorker.invokeTestMethods(TestMethodWorker.java:129)
	at org.testng.internal.TestMethodWorker.run(TestMethodWorker.java:112)
	at java.util.concurrent.ThreadPoolExecutor.runWorker(ThreadPoolExecutor.java:1142)
	at java.util.concurrent.ThreadPoolExecutor$Worker.run(ThreadPoolExecutor.java:617)
	at java.lang.Thread.run(Thread.java:745)
</pre></div></td>
<td>1</td>
<td>com.test.automation.uiAutomation.homepage.TC001_VerifyLoginWithInvalidCredentials@69ea3742</td></tr>
<tr>
<td title='com.test.automation.uiAutomation.homepage.TC001_VerifyLoginWithInvalidCredentials.verifyLoginWithInvalidCredentials()'><b>verifyLoginWithInvalidCredentials</b><br>Test class: com.test.automation.uiAutomation.homepage.TC001_VerifyLoginWithInvalidCredentials<br/>
<a href="#Output-201696430" onClick='toggleBox("Output-201696430", this, "Show output", "Hide output");'>Show output</a>

<a href="#Output-201696430" onClick="toggleAllBoxes();">Show all outputs</a>
<div class='log' id="Output-201696430">
Found Element By : By.xpath: //a[@class='login']<br/>
Clicked on: [[ChromeDriver: chrome on WIN8_1 (0d43bab6cffbe72ac23caa232b113d43)] -> xpath: //a[@class='login']]<br/>
Found Element By : By.xpath: //a[@class='login']<br/>
Found Element By : By.id: email<br/>
Found Element By : By.id: email<br/>
Found Element By : By.id: passwd<br/>
Found Element By : By.id: passwd<br/>
Found Element By : By.xpath: //button[@id='SubmitLogin']<br/>
Clicked on: [[ChromeDriver: chrome on WIN8_1 (0d43bab6cffbe72ac23caa232b113d43)] -> xpath: //button[@id='SubmitLogin']]<br/>
Found Element By : By.xpath: //button[@id='SubmitLogin']<br/>
Found Element By : By.xpath: //*[@id='center_column']/div[1]/ol/li<br/>
Found Element By : By.xpath: //*[@id='center_column']/div[1]/ol/li<br/>
Retrying test verifyLoginWithInvalidCredentials with status FAILURE for the 3 time(s).<br/>
</div>
</td>
<td><div><pre>java.lang.AssertionError: expected [TestAuthentication failed.] but found [Authentication failed.]
	at com.test.automation.uiAutomation.homepage.TC001_VerifyLoginWithInvalidCredentials.verifyLoginWithInvalidCredentials(TC001_VerifyLoginWithInvalidCredentials.java:29)
	at java.util.concurrent.ThreadPoolExecutor.runWorker(ThreadPoolExecutor.java:1142)
	at java.util.concurrent.ThreadPoolExecutor$Worker.run(ThreadPoolExecutor.java:617)
	at java.lang.Thread.run(Thread.java:745)
... Removed 16 stack frames</pre></div><a href='#' onClick='toggleBox("stack-trace201696430", this, "Click to show all stack frames", "Click to hide stack frames")'>Click to show all stack frames</a>
<div class='stack-trace' id='stack-trace201696430'><pre>java.lang.AssertionError: expected [TestAuthentication failed.] but found [Authentication failed.]
	at org.testng.Assert.fail(Assert.java:94)
	at org.testng.Assert.failNotEquals(Assert.java:513)
	at org.testng.Assert.assertEqualsImpl(Assert.java:135)
	at org.testng.Assert.assertEquals(Assert.java:116)
	at org.testng.Assert.assertEquals(Assert.java:190)
	at org.testng.Assert.assertEquals(Assert.java:200)
	at com.test.automation.uiAutomation.homepage.TC001_VerifyLoginWithInvalidCredentials.verifyLoginWithInvalidCredentials(TC001_VerifyLoginWithInvalidCredentials.java:29)
	at sun.reflect.NativeMethodAccessorImpl.invoke0(Native Method)
	at sun.reflect.NativeMethodAccessorImpl.invoke(NativeMethodAccessorImpl.java:62)
	at sun.reflect.DelegatingMethodAccessorImpl.invoke(DelegatingMethodAccessorImpl.java:43)
	at java.lang.reflect.Method.invoke(Method.java:497)
	at org.testng.internal.MethodInvocationHelper.invokeMethod(MethodInvocationHelper.java:104)
	at org.testng.internal.Invoker.invokeMethod(Invoker.java:645)
	at org.testng.internal.Invoker.retryFailed(Invoker.java:998)
	at org.testng.internal.Invoker.invokeTestMethods(Invoker.java:1200)
	at org.testng.internal.TestMethodWorker.invokeTestMethods(TestMethodWorker.java:129)
	at org.testng.internal.TestMethodWorker.run(TestMethodWorker.java:112)
	at java.util.concurrent.ThreadPoolExecutor.runWorker(ThreadPoolExecutor.java:1142)
	at java.util.concurrent.ThreadPoolExecutor$Worker.run(ThreadPoolExecutor.java:617)
	at java.lang.Thread.run(Thread.java:745)
</pre></div></td>
<td>1</td>
<td>com.test.automation.uiAutomation.homepage.TC001_VerifyLoginWithInvalidCredentials@69ea3742</td></tr>
</table><p>
</body>
</html>