<!DOCTYPE html PUBLIC "-//W3C//DTD XHTML 1.1//EN" "http://www.w3.org/TR/xhtml11/DTD/xhtml11.dtd">
<html xmlns="http://www.w3.org/1999/xhtml"><head><title>TestNG Report</title><style type="text/css">table {margin-bottom:10px;border-collapse:collapse;empty-cells:show}th,td {border:1px solid #009;padding:.25em .5em}th {vertical-align:bottom}td {vertical-align:top}table a {font-weight:bold}.stripe td {background-color: #E6EBF9}.num {text-align:right}.passedodd td {background-color: #3F3}.passedeven td {background-color: #0A0}.skippedodd td {background-color: #DDD}.skippedeven td {background-color: #CCC}.failedodd td,.attn {background-color: #F33}.failedeven td,.stripe .attn {background-color: #D00}.stacktrace {white-space:pre;font-family:monospace}.totop {font-size:85%;text-align:center;border-bottom:2px solid #000}</style></head><body><table><tr><th>Test</th><th># Passed</th><th># Skipped</th><th># Failed</th><th>Time (ms)</th><th>Included Groups</th><th>Excluded Groups</th></tr><tr><th colspan="7">Regression Suite</th></tr><tr><td><a href="#t0">HomePageTest</a></td><td class="num">0</td><td class="num attn">3</td><td class="num attn">1</td><td class="num">17,161</td><td></td><td></td></tr></table><table><thead><tr><th>Class</th><th>Method</th><th>Start</th><th>Time (ms)</th></tr></thead><tbody><tr><th colspan="4">Regression Suite</th></tr></tbody><tbody id="t0"><tr><th colspan="4">HomePageTest &#8212; failed</th></tr><tr class="failedeven"><td rowspan="1">com.test.automation.uiAutomation.homepage.TC001_VerifyLoginWithInvalidCredentials</td><td><a href="#m0">verifyLoginWithInvalidCredentials</a></td><td rowspan="1">1516306441836</td><td rowspan="1">1568</td></tr><tr><th colspan="4">HomePageTest &#8212; skipped</th></tr><tr class="skippedeven"><td rowspan="3">com.test.automation.uiAutomation.homepage.TC001_VerifyLoginWithInvalidCredentials</td><td><a href="#m1">verifyLoginWithInvalidCredentials</a></td><td rowspan="3">1516306438447</td><td rowspan="3">1718</td></tr><tr class="skippedeven"><td><a href="#m2">verifyLoginWithInvalidCredentials</a></td></tr><tr class="skippedeven"><td><a href="#m3">verifyLoginWithInvalidCredentials</a></td></tr></tbody></table><h2>HomePageTest</h2><h3 id="m0">com.test.automation.uiAutomation.homepage.TC001_VerifyLoginWithInvalidCredentials#verifyLoginWithInvalidCredentials</h3><table class="result"><tr><th>Messages</th></tr><tr><td><div class="messages">Found Element By : By.xpath: //a[@class='login']<br/>Clicked on: [[ChromeDriver: chrome on WIN8_1 (0d43bab6cffbe72ac23caa232b113d43)] -> xpath: //a[@class='login']]<br/>Found Element By : By.xpath: //a[@class='login']<br/>Found Element By : By.id: email<br/>Found Element By : By.id: email<br/>Found Element By : By.id: passwd<br/>Found Element By : By.id: passwd<br/>Found Element By : By.xpath: //button[@id='SubmitLogin']<br/>Clicked on: [[ChromeDriver: chrome on WIN8_1 (0d43bab6cffbe72ac23caa232b113d43)] -> xpath: //button[@id='SubmitLogin']]<br/>Found Element By : By.xpath: //button[@id='SubmitLogin']<br/>Found Element By : By.xpath: //*[@id='center_column']/div[1]/ol/li<br/>Found Element By : By.xpath: //*[@id='center_column']/div[1]/ol/li</div></td></tr><tr><th>Exception</th></tr><tr><td><div class="stacktrace">java.lang.AssertionError: expected [TestAuthentication failed.] but found [Authentication failed.]
	at com.test.automation.uiAutomation.homepage.TC001_VerifyLoginWithInvalidCredentials.verifyLoginWithInvalidCredentials(TC001_VerifyLoginWithInvalidCredentials.java:29)
	at java.util.concurrent.ThreadPoolExecutor.runWorker(ThreadPoolExecutor.java:1142)
	at java.util.concurrent.ThreadPoolExecutor$Worker.run(ThreadPoolExecutor.java:617)
	at java.lang.Thread.run(Thread.java:745)
... Removed 16 stack frames</div></td></tr></table><p class="totop"><a href="#summary">back to summary</a></p><h3 id="m1">com.test.automation.uiAutomation.homepage.TC001_VerifyLoginWithInvalidCredentials#verifyLoginWithInvalidCredentials</h3><table class="result"><tr><th>Messages</th></tr><tr><td><div class="messages">Found Element By : By.xpath: //a[@class='login']<br/>Clicked on: [[ChromeDriver: chrome on WIN8_1 (0d43bab6cffbe72ac23caa232b113d43)] -> xpath: //a[@class='login']]<br/>Found Element By : By.xpath: //a[@class='login']<br/>Found Element By : By.id: email<br/>Found Element By : By.id: email<br/>Found Element By : By.id: passwd<br/>Found Element By : By.id: passwd<br/>Found Element By : By.xpath: //button[@id='SubmitLogin']<br/>Clicked on: [[ChromeDriver: chrome on WIN8_1 (0d43bab6cffbe72ac23caa232b113d43)] -> xpath: //button[@id='SubmitLogin']]<br/>Found Element By : By.xpath: //button[@id='SubmitLogin']<br/>Found Element By : By.xpath: //*[@id='center_column']/div[1]/ol/li<br/>Found Element By : By.xpath: //*[@id='center_column']/div[1]/ol/li<br/>Retrying test verifyLoginWithInvalidCredentials with status FAILURE for the 2 time(s).</div></td></tr><tr><th>Exception</th></tr><tr><td><div class="stacktrace">java.lang.AssertionError: expected [TestAuthentication failed.] but found [Authentication failed.]
	at com.test.automation.uiAutomation.homepage.TC001_VerifyLoginWithInvalidCredentials.verifyLoginWithInvalidCredentials(TC001_VerifyLoginWithInvalidCredentials.java:29)
	at java.util.concurrent.ThreadPoolExecutor.runWorker(ThreadPoolExecutor.java:1142)
	at java.util.concurrent.ThreadPoolExecutor$Worker.run(ThreadPoolExecutor.java:617)
	at java.lang.Thread.run(Thread.java:745)
... Removed 16 stack frames</div></td></tr></table><p class="totop"><a href="#summary">back to summary</a></p><h3 id="m2">com.test.automation.uiAutomation.homepage.TC001_VerifyLoginWithInvalidCredentials#verifyLoginWithInvalidCredentials</h3><table class="result"><tr><th>Messages</th></tr><tr><td><div class="messages">Found Element By : By.xpath: //a[@class='login']<br/>Clicked on: [[ChromeDriver: chrome on WIN8_1 (0d43bab6cffbe72ac23caa232b113d43)] -> xpath: //a[@class='login']]<br/>Found Element By : By.xpath: //a[@class='login']<br/>Found Element By : By.id: email<br/>Found Element By : By.id: email<br/>Found Element By : By.id: passwd<br/>Found Element By : By.id: passwd<br/>Found Element By : By.xpath: //button[@id='SubmitLogin']<br/>Clicked on: [[ChromeDriver: chrome on WIN8_1 (0d43bab6cffbe72ac23caa232b113d43)] -> xpath: //button[@id='SubmitLogin']]<br/>Found Element By : By.xpath: //button[@id='SubmitLogin']<br/>Found Element By : By.xpath: //*[@id='center_column']/div[1]/ol/li<br/>Found Element By : By.xpath: //*[@id='center_column']/div[1]/ol/li<br/>Retrying test verifyLoginWithInvalidCredentials with status FAILURE for the 1 time(s).</div></td></tr><tr><th>Exception</th></tr><tr><td><div class="stacktrace">java.lang.AssertionError: expected [TestAuthentication failed.] but found [Authentication failed.]
	at com.test.automation.uiAutomation.homepage.TC001_VerifyLoginWithInvalidCredentials.verifyLoginWithInvalidCredentials(TC001_VerifyLoginWithInvalidCredentials.java:29)
	at java.util.concurrent.ThreadPoolExecutor.runWorker(ThreadPoolExecutor.java:1142)
	at java.util.concurrent.ThreadPoolExecutor$Worker.run(ThreadPoolExecutor.java:617)
	at java.lang.Thread.run(Thread.java:745)
... Removed 16 stack frames</div></td></tr></table><p class="totop"><a href="#summary">back to summary</a></p><h3 id="m3">com.test.automation.uiAutomation.homepage.TC001_VerifyLoginWithInvalidCredentials#verifyLoginWithInvalidCredentials</h3><table class="result"><tr><th>Messages</th></tr><tr><td><div class="messages">Found Element By : By.xpath: //a[@class='login']<br/>Clicked on: [[ChromeDriver: chrome on WIN8_1 (0d43bab6cffbe72ac23caa232b113d43)] -> xpath: //a[@class='login']]<br/>Found Element By : By.xpath: //a[@class='login']<br/>Found Element By : By.id: email<br/>Found Element By : By.id: email<br/>Found Element By : By.id: passwd<br/>Found Element By : By.id: passwd<br/>Found Element By : By.xpath: //button[@id='SubmitLogin']<br/>Clicked on: [[ChromeDriver: chrome on WIN8_1 (0d43bab6cffbe72ac23caa232b113d43)] -> xpath: //button[@id='SubmitLogin']]<br/>Found Element By : By.xpath: //button[@id='SubmitLogin']<br/>Found Element By : By.xpath: //*[@id='center_column']/div[1]/ol/li<br/>Found Element By : By.xpath: //*[@id='center_column']/div[1]/ol/li<br/>Retrying test verifyLoginWithInvalidCredentials with status FAILURE for the 3 time(s).</div></td></tr><tr><th>Exception</th></tr><tr><td><div class="stacktrace">java.lang.AssertionError: expected [TestAuthentication failed.] but found [Authentication failed.]
	at com.test.automation.uiAutomation.homepage.TC001_VerifyLoginWithInvalidCredentials.verifyLoginWithInvalidCredentials(TC001_VerifyLoginWithInvalidCredentials.java:29)
	at java.util.concurrent.ThreadPoolExecutor.runWorker(ThreadPoolExecutor.java:1142)
	at java.util.concurrent.ThreadPoolExecutor$Worker.run(ThreadPoolExecutor.java:617)
	at java.lang.Thread.run(Thread.java:745)
... Removed 16 stack frames</div></td></tr></table><p class="totop"><a href="#summary">back to summary</a></p></body></html>